[INFO ] 2019-08-16 09:33:53.015 [main] ContextLoader - Root WebApplicationContext: initialization completed in 1125 ms
[INFO ] 2019-08-16 09:59:01.955 [main] ContextLoader - Root WebApplicationContext: initialization completed in 1260 ms
[INFO ] 2019-08-16 09:59:39.212 [http-nio-8080-exec-1] DispatcherServlet - Initializing Servlet 'dispatcherServlet'
[INFO ] 2019-08-16 09:59:39.221 [http-nio-8080-exec-1] DispatcherServlet - Completed initialization in 9 ms
[INFO ] 2019-08-16 10:04:01.645 [main] ContextLoader - Root WebApplicationContext: initialization completed in 1133 ms
[INFO ] 2019-08-16 10:04:53.241 [http-nio-8080-exec-1] DispatcherServlet - Initializing Servlet 'dispatcherServlet'
[INFO ] 2019-08-16 10:04:53.251 [http-nio-8080-exec-1] DispatcherServlet - Completed initialization in 10 ms
[INFO ] 2019-08-16 10:18:39.434 [main] ContextLoader - Root WebApplicationContext: initialization completed in 1136 ms
[INFO ] 2019-08-16 10:53:44.692 [http-nio-8080-exec-1] DispatcherServlet - Initializing Servlet 'dispatcherServlet'
[INFO ] 2019-08-16 10:53:44.702 [http-nio-8080-exec-1] DispatcherServlet - Completed initialization in 9 ms
[INFO ] 2019-08-16 11:08:45.635 [main] ContextLoader - Root WebApplicationContext: initialization completed in 1139 ms
[INFO ] 2019-08-16 11:08:51.594 [http-nio-8080-exec-1] DispatcherServlet - Initializing Servlet 'dispatcherServlet'
[INFO ] 2019-08-16 11:08:51.603 [http-nio-8080-exec-1] DispatcherServlet - Completed initialization in 9 ms
[INFO ] 2019-08-16 11:29:09.574 [main] ContextLoader - Root WebApplicationContext: initialization completed in 1564 ms
[INFO ] 2019-08-16 11:44:38.293 [main] ContextLoader - Root WebApplicationContext: initialization completed in 1230 ms
[INFO ] 2019-08-16 11:45:11.239 [http-nio-8080-exec-2] DispatcherServlet - Initializing Servlet 'dispatcherServlet'
[INFO ] 2019-08-16 11:45:11.246 [http-nio-8080-exec-2] DispatcherServlet - Completed initialization in 7 ms
[INFO ] 2019-08-16 11:47:00.612 [main] ContextLoader - Root WebApplicationContext: initialization completed in 1316 ms
[INFO ] 2019-08-16 11:47:25.373 [main] ContextLoader - Root WebApplicationContext: initialization completed in 1476 ms
[INFO ] 2019-08-16 11:51:05.311 [main] ContextLoader - Root WebApplicationContext: initialization completed in 1372 ms
[INFO ] 2019-08-16 11:52:20.202 [http-nio-8080-exec-2] DispatcherServlet - Initializing Servlet 'dispatcherServlet'
[INFO ] 2019-08-16 11:52:20.212 [http-nio-8080-exec-2] DispatcherServlet - Completed initialization in 9 ms
[INFO ] 2019-08-16 12:09:08.932 [main] ContextLoader - Root WebApplicationContext: initialization completed in 1344 ms
[INFO ] 2019-08-16 12:09:15.720 [http-nio-8080-exec-1] DispatcherServlet - Initializing Servlet 'dispatcherServlet'
[INFO ] 2019-08-16 12:09:15.730 [http-nio-8080-exec-1] DispatcherServlet - Completed initialization in 9 ms
[INFO ] 2019-08-16 12:10:17.014 [main] ContextLoader - Root WebApplicationContext: initialization completed in 1240 ms
[INFO ] 2019-08-16 12:10:22.879 [http-nio-8080-exec-1] DispatcherServlet - Initializing Servlet 'dispatcherServlet'
[INFO ] 2019-08-16 12:10:22.887 [http-nio-8080-exec-1] DispatcherServlet - Completed initialization in 8 ms
[INFO ] 2019-08-16 12:14:20.940 [main] ContextLoader - Root WebApplicationContext: initialization completed in 1201 ms
[INFO ] 2019-08-16 12:14:29.703 [http-nio-8080-exec-1] DispatcherServlet - Initializing Servlet 'dispatcherServlet'
[INFO ] 2019-08-16 12:14:29.710 [http-nio-8080-exec-1] DispatcherServlet - Completed initialization in 6 ms
[INFO ] 2019-08-16 12:14:53.289 [main] ContextLoader - Root WebApplicationContext: initialization completed in 1147 ms
[INFO ] 2019-08-16 12:15:07.365 [http-nio-8080-exec-2] DispatcherServlet - Initializing Servlet 'dispatcherServlet'
[INFO ] 2019-08-16 12:15:07.376 [http-nio-8080-exec-2] DispatcherServlet - Completed initialization in 10 ms
[INFO ] 2019-08-16 12:16:32.584 [main] ContextLoader - Root WebApplicationContext: initialization completed in 1230 ms
[INFO ] 2019-08-16 12:16:38.642 [http-nio-8080-exec-2] DispatcherServlet - Initializing Servlet 'dispatcherServlet'
[INFO ] 2019-08-16 12:16:38.649 [http-nio-8080-exec-2] DispatcherServlet - Completed initialization in 7 ms
[INFO ] 2019-08-16 12:17:26.404 [main] ContextLoader - Root WebApplicationContext: initialization completed in 1249 ms
[INFO ] 2019-08-16 12:17:30.468 [http-nio-8080-exec-2] DispatcherServlet - Initializing Servlet 'dispatcherServlet'
[INFO ] 2019-08-16 12:17:30.478 [http-nio-8080-exec-2] DispatcherServlet - Completed initialization in 9 ms
[INFO ] 2019-08-16 12:18:37.503 [main] ContextLoader - Root WebApplicationContext: initialization completed in 1305 ms
[INFO ] 2019-08-16 12:18:47.941 [http-nio-8080-exec-1] DispatcherServlet - Initializing Servlet 'dispatcherServlet'
[INFO ] 2019-08-16 12:18:47.948 [http-nio-8080-exec-1] DispatcherServlet - Completed initialization in 6 ms
[INFO ] 2019-08-16 12:20:50.121 [main] ContextLoader - Root WebApplicationContext: initialization completed in 1355 ms
[INFO ] 2019-08-16 12:21:00.246 [http-nio-8080-exec-1] DispatcherServlet - Initializing Servlet 'dispatcherServlet'
[INFO ] 2019-08-16 12:21:00.252 [http-nio-8080-exec-1] DispatcherServlet - Completed initialization in 6 ms
[INFO ] 2019-08-16 12:21:39.505 [main] ContextLoader - Root WebApplicationContext: initialization completed in 1457 ms
[INFO ] 2019-08-16 12:23:42.093 [main] ContextLoader - Root WebApplicationContext: initialization completed in 1350 ms
[INFO ] 2019-08-16 12:25:05.159 [main] ContextLoader - Root WebApplicationContext: initialization completed in 1275 ms
[INFO ] 2019-08-16 12:25:09.520 [http-nio-8080-exec-1] DispatcherServlet - Initializing Servlet 'dispatcherServlet'
[INFO ] 2019-08-16 12:25:09.528 [http-nio-8080-exec-1] DispatcherServlet - Completed initialization in 8 ms
[INFO ] 2019-08-16 12:31:24.469 [main] ContextLoader - Root WebApplicationContext: initialization completed in 1291 ms
[INFO ] 2019-08-16 12:32:00.131 [http-nio-8080-exec-1] DispatcherServlet - Initializing Servlet 'dispatcherServlet'
[INFO ] 2019-08-16 12:32:00.140 [http-nio-8080-exec-1] DispatcherServlet - Completed initialization in 8 ms
[INFO ] 2019-08-16 12:34:03.197 [main] ContextLoader - Root WebApplicationContext: initialization completed in 1344 ms
[INFO ] 2019-08-16 12:34:05.322 [http-nio-8080-exec-1] DispatcherServlet - Initializing Servlet 'dispatcherServlet'
[INFO ] 2019-08-16 12:34:05.330 [http-nio-8080-exec-1] DispatcherServlet - Completed initialization in 8 ms
[INFO ] 2019-08-16 12:36:15.669 [main] ContextLoader - Root WebApplicationContext: initialization completed in 1392 ms
[INFO ] 2019-08-16 12:36:22.477 [http-nio-8080-exec-2] DispatcherServlet - Initializing Servlet 'dispatcherServlet'
[INFO ] 2019-08-16 12:36:22.487 [http-nio-8080-exec-2] DispatcherServlet - Completed initialization in 9 ms
[INFO ] 2019-08-16 12:37:10.869 [main] ContextLoader - Root WebApplicationContext: initialization completed in 1791 ms
[INFO ] 2019-08-16 12:42:17.539 [http-nio-8080-exec-1] DispatcherServlet - Initializing Servlet 'dispatcherServlet'
[INFO ] 2019-08-16 12:42:17.546 [http-nio-8080-exec-1] DispatcherServlet - Completed initialization in 7 ms
[INFO ] 2019-08-16 13:40:14.234 [main] ContextLoader - Root WebApplicationContext: initialization completed in 3567 ms
[INFO ] 2019-08-16 13:40:17.498 [http-nio-8080-exec-1] DispatcherServlet - Initializing Servlet 'dispatcherServlet'
[INFO ] 2019-08-16 13:40:17.510 [http-nio-8080-exec-1] DispatcherServlet - Completed initialization in 11 ms
[INFO ] 2019-08-16 13:51:30.031 [main] ContextLoader - Root WebApplicationContext: initialization completed in 1300 ms
[INFO ] 2019-08-16 13:51:53.443 [main] ContextLoader - Root WebApplicationContext: initialization completed in 1162 ms
[INFO ] 2019-08-16 13:52:06.708 [http-nio-8080-exec-1] DispatcherServlet - Initializing Servlet 'dispatcherServlet'
[INFO ] 2019-08-16 13:52:06.715 [http-nio-8080-exec-1] DispatcherServlet - Completed initialization in 7 ms
[INFO ] 2019-08-16 13:52:52.857 [main] ContextLoader - Root WebApplicationContext: initialization completed in 1126 ms
[INFO ] 2019-08-16 14:13:21.489 [main] ContextLoader - Root WebApplicationContext: initialization completed in 1240 ms
[INFO ] 2019-08-16 14:14:24.258 [main] ContextLoader - Root WebApplicationContext: initialization completed in 1135 ms
[INFO ] 2019-08-16 14:30:54.969 [main] ContextLoader - Root WebApplicationContext: initialization completed in 1192 ms
[INFO ] 2019-08-16 14:30:59.978 [http-nio-8080-exec-2] DispatcherServlet - Initializing Servlet 'dispatcherServlet'
[INFO ] 2019-08-16 14:30:59.985 [http-nio-8080-exec-2] DispatcherServlet - Completed initialization in 7 ms
[INFO ] 2019-08-16 14:45:36.450 [main] ContextLoader - Root WebApplicationContext: initialization completed in 1964 ms
[INFO ] 2019-08-16 14:45:44.775 [http-nio-8080-exec-1] DispatcherServlet - Initializing Servlet 'dispatcherServlet'
[INFO ] 2019-08-16 14:45:44.784 [http-nio-8080-exec-1] DispatcherServlet - Completed initialization in 9 ms
[INFO ] 2019-08-16 14:53:17.332 [main] ContextLoader - Root WebApplicationContext: initialization completed in 1422 ms
[INFO ] 2019-08-16 14:54:25.614 [http-nio-8080-exec-1] DispatcherServlet - Initializing Servlet 'dispatcherServlet'
[INFO ] 2019-08-16 14:54:25.624 [http-nio-8080-exec-1] DispatcherServlet - Completed initialization in 10 ms
[INFO ] 2019-08-16 14:56:02.431 [main] ContextLoader - Root WebApplicationContext: initialization completed in 1725 ms
[INFO ] 2019-08-16 14:56:30.985 [http-nio-8080-exec-1] DispatcherServlet - Initializing Servlet 'dispatcherServlet'
[INFO ] 2019-08-16 14:56:30.994 [http-nio-8080-exec-1] DispatcherServlet - Completed initialization in 9 ms
[INFO ] 2019-08-16 14:57:45.376 [main] ContextLoader - Root WebApplicationContext: initialization completed in 1488 ms
[INFO ] 2019-08-16 14:58:06.179 [http-nio-8080-exec-1] DispatcherServlet - Initializing Servlet 'dispatcherServlet'
[INFO ] 2019-08-16 14:58:06.188 [http-nio-8080-exec-1] DispatcherServlet - Completed initialization in 8 ms
[INFO ] 2019-08-16 15:01:41.294 [main] ContextLoader - Root WebApplicationContext: initialization completed in 1533 ms
[INFO ] 2019-08-16 15:03:01.568 [main] ContextLoader - Root WebApplicationContext: initialization completed in 1625 ms
[INFO ] 2019-08-16 15:03:59.282 [main] ContextLoader - Root WebApplicationContext: initialization completed in 1430 ms
[INFO ] 2019-08-16 15:05:38.834 [main] ContextLoader - Root WebApplicationContext: initialization completed in 1539 ms
[INFO ] 2019-08-16 15:07:29.039 [main] ContextLoader - Root WebApplicationContext: initialization completed in 1506 ms
[INFO ] 2019-08-16 15:07:43.040 [http-nio-8080-exec-2] DispatcherServlet - Initializing Servlet 'dispatcherServlet'
[INFO ] 2019-08-16 15:07:43.052 [http-nio-8080-exec-2] DispatcherServlet - Completed initialization in 11 ms
[INFO ] 2019-08-16 15:20:45.360 [main] ContextLoader - Root WebApplicationContext: initialization completed in 1314 ms
[INFO ] 2019-08-16 15:21:16.453 [http-nio-8080-exec-2] DispatcherServlet - Initializing Servlet 'dispatcherServlet'
[INFO ] 2019-08-16 15:21:16.460 [http-nio-8080-exec-2] DispatcherServlet - Completed initialization in 7 ms
[INFO ] 2019-08-16 15:36:58.555 [main] ContextLoader - Root WebApplicationContext: initialization completed in 1381 ms
[INFO ] 2019-08-16 15:37:18.668 [http-nio-8080-exec-2] DispatcherServlet - Initializing Servlet 'dispatcherServlet'
[INFO ] 2019-08-16 15:37:18.676 [http-nio-8080-exec-2] DispatcherServlet - Completed initialization in 8 ms
[INFO ] 2019-08-16 15:38:32.603 [main] ContextLoader - Root WebApplicationContext: initialization completed in 1153 ms
[INFO ] 2019-08-16 15:38:51.567 [http-nio-8080-exec-1] DispatcherServlet - Initializing Servlet 'dispatcherServlet'
[INFO ] 2019-08-16 15:38:51.574 [http-nio-8080-exec-1] DispatcherServlet - Completed initialization in 6 ms
[INFO ] 2019-08-16 15:40:53.200 [main] ContextLoader - Root WebApplicationContext: initialization completed in 1229 ms
[INFO ] 2019-08-16 15:41:04.163 [http-nio-8080-exec-2] DispatcherServlet - Initializing Servlet 'dispatcherServlet'
[INFO ] 2019-08-16 15:41:04.171 [http-nio-8080-exec-2] DispatcherServlet - Completed initialization in 8 ms
[INFO ] 2019-08-16 15:44:18.341 [main] ContextLoader - Root WebApplicationContext: initialization completed in 1483 ms
[INFO ] 2019-08-16 15:44:41.265 [http-nio-8080-exec-2] DispatcherServlet - Initializing Servlet 'dispatcherServlet'
[INFO ] 2019-08-16 15:44:41.272 [http-nio-8080-exec-2] DispatcherServlet - Completed initialization in 7 ms
[INFO ] 2019-08-16 15:45:32.444 [main] ContextLoader - Root WebApplicationContext: initialization completed in 1364 ms
[INFO ] 2019-08-16 15:45:55.672 [http-nio-8080-exec-2] DispatcherServlet - Initializing Servlet 'dispatcherServlet'
[INFO ] 2019-08-16 15:45:55.677 [http-nio-8080-exec-2] DispatcherServlet - Completed initialization in 5 ms
[INFO ] 2019-08-16 16:02:28.646 [main] ContextLoader - Root WebApplicationContext: initialization completed in 1224 ms
[INFO ] 2019-08-16 16:05:59.360 [main] ContextLoader - Root WebApplicationContext: initialization completed in 1370 ms
[INFO ] 2019-08-16 16:06:04.672 [http-nio-8080-exec-1] DispatcherServlet - Initializing Servlet 'dispatcherServlet'
[INFO ] 2019-08-16 16:06:04.678 [http-nio-8080-exec-1] DispatcherServlet - Completed initialization in 6 ms
[INFO ] 2019-08-16 16:39:04.870 [main] ContextLoader - Root WebApplicationContext: initialization completed in 1257 ms
[INFO ] 2019-08-16 16:39:16.535 [http-nio-8080-exec-1] DispatcherServlet - Initializing Servlet 'dispatcherServlet'
[INFO ] 2019-08-16 16:39:16.545 [http-nio-8080-exec-1] DispatcherServlet - Completed initialization in 10 ms
[INFO ] 2019-08-16 16:55:09.837 [main] ContextLoader - Root WebApplicationContext: initialization completed in 1321 ms
[INFO ] 2019-08-16 16:55:43.345 [http-nio-8080-exec-1] DispatcherServlet - Initializing Servlet 'dispatcherServlet'
[INFO ] 2019-08-16 16:55:43.352 [http-nio-8080-exec-1] DispatcherServlet - Completed initialization in 6 ms
[INFO ] 2019-08-16 20:03:43.019 [main] ContextLoader - Root WebApplicationContext: initialization completed in 919 ms
[INFO ] 2019-08-16 20:04:10.028 [main] ContextLoader - Root WebApplicationContext: initialization completed in 850 ms
[INFO ] 2019-08-16 20:06:27.593 [main] ContextLoader - Root WebApplicationContext: initialization completed in 821 ms
[INFO ] 2019-08-16 20:07:08.989 [main] ContextLoader - Root WebApplicationContext: initialization completed in 811 ms
[INFO ] 2019-08-16 20:07:43.063 [http-nio-8080-exec-1] DispatcherServlet - Initializing Servlet 'dispatcherServlet'
[INFO ] 2019-08-16 20:07:43.069 [http-nio-8080-exec-1] DispatcherServlet - Completed initialization in 5 ms
[INFO ] 2019-08-16 20:10:53.978 [main] ContextLoader - Root WebApplicationContext: initialization completed in 874 ms
[INFO ] 2019-08-16 20:11:10.639 [http-nio-8080-exec-2] DispatcherServlet - Initializing Servlet 'dispatcherServlet'
[INFO ] 2019-08-16 20:11:10.645 [http-nio-8080-exec-2] DispatcherServlet - Completed initialization in 6 ms
[INFO ] 2019-08-16 20:13:39.947 [main] ContextLoader - Root WebApplicationContext: initialization completed in 822 ms
[INFO ] 2019-08-16 20:13:51.769 [http-nio-8080-exec-1] DispatcherServlet - Initializing Servlet 'dispatcherServlet'
[INFO ] 2019-08-16 20:13:51.776 [http-nio-8080-exec-1] DispatcherServlet - Completed initialization in 7 ms
[INFO ] 2019-08-16 20:14:34.460 [main] ContextLoader - Root WebApplicationContext: initialization completed in 852 ms
[INFO ] 2019-08-16 20:14:38.735 [http-nio-8080-exec-1] DispatcherServlet - Initializing Servlet 'dispatcherServlet'
[INFO ] 2019-08-16 20:14:38.740 [http-nio-8080-exec-1] DispatcherServlet - Completed initialization in 5 ms
[INFO ] 2019-08-16 20:15:29.229 [main] ContextLoader - Root WebApplicationContext: initialization completed in 868 ms
[INFO ] 2019-08-16 20:15:38.150 [http-nio-8080-exec-1] DispatcherServlet - Initializing Servlet 'dispatcherServlet'
[INFO ] 2019-08-16 20:15:38.155 [http-nio-8080-exec-1] DispatcherServlet - Completed initialization in 5 ms
[INFO ] 2019-08-16 20:19:02.449 [main] ContextLoader - Root WebApplicationContext: initialization completed in 845 ms
[INFO ] 2019-08-16 20:19:09.034 [http-nio-8080-exec-1] DispatcherServlet - Initializing Servlet 'dispatcherServlet'
[INFO ] 2019-08-16 20:19:09.038 [http-nio-8080-exec-1] DispatcherServlet - Completed initialization in 4 ms
[INFO ] 2019-08-16 20:35:17.267 [main] ContextLoader - Root WebApplicationContext: initialization completed in 819 ms
[INFO ] 2019-08-16 20:36:22.213 [main] ContextLoader - Root WebApplicationContext: initialization completed in 827 ms
[INFO ] 2019-08-16 20:46:11.738 [main] ContextLoader - Root WebApplicationContext: initialization completed in 817 ms
[INFO ] 2019-08-16 20:46:35.229 [http-nio-8080-exec-1] DispatcherServlet - Initializing Servlet 'dispatcherServlet'
[INFO ] 2019-08-16 20:46:35.233 [http-nio-8080-exec-1] DispatcherServlet - Completed initialization in 4 ms
[INFO ] 2019-08-16 20:47:15.069 [main] ContextLoader - Root WebApplicationContext: initialization completed in 826 ms
[INFO ] 2019-08-16 20:47:20.466 [http-nio-8080-exec-1] DispatcherServlet - Initializing Servlet 'dispatcherServlet'
[INFO ] 2019-08-16 20:47:20.471 [http-nio-8080-exec-1] DispatcherServlet - Completed initialization in 5 ms
[INFO ] 2019-08-16 20:51:56.426 [main] ContextLoader - Root WebApplicationContext: initialization completed in 834 ms
[INFO ] 2019-08-16 20:52:10.439 [http-nio-8080-exec-2] DispatcherServlet - Initializing Servlet 'dispatcherServlet'
[INFO ] 2019-08-16 20:52:10.447 [http-nio-8080-exec-2] DispatcherServlet - Completed initialization in 7 ms
[INFO ] 2019-08-16 20:53:47.064 [main] ContextLoader - Root WebApplicationContext: initialization completed in 815 ms
[INFO ] 2019-08-16 20:54:00.645 [http-nio-8080-exec-1] DispatcherServlet - Initializing Servlet 'dispatcherServlet'
[INFO ] 2019-08-16 20:54:00.652 [http-nio-8080-exec-1] DispatcherServlet - Completed initialization in 7 ms
[INFO ] 2019-08-16 20:55:22.530 [main] ContextLoader - Root WebApplicationContext: initialization completed in 835 ms
[INFO ] 2019-08-16 20:55:34.192 [http-nio-8080-exec-1] DispatcherServlet - Initializing Servlet 'dispatcherServlet'
[INFO ] 2019-08-16 20:55:34.199 [http-nio-8080-exec-1] DispatcherServlet - Completed initialization in 6 ms
[INFO ] 2019-08-16 20:55:52.180 [main] ContextLoader - Root WebApplicationContext: initialization completed in 837 ms
[INFO ] 2019-08-16 20:55:59.112 [http-nio-8080-exec-1] DispatcherServlet - Initializing Servlet 'dispatcherServlet'
[INFO ] 2019-08-16 20:55:59.117 [http-nio-8080-exec-1] DispatcherServlet - Completed initialization in 4 ms
[INFO ] 2019-08-16 20:59:50.212 [main] ContextLoader - Root WebApplicationContext: initialization completed in 864 ms
[INFO ] 2019-08-16 20:59:57.060 [http-nio-8080-exec-1] DispatcherServlet - Initializing Servlet 'dispatcherServlet'
[INFO ] 2019-08-16 20:59:57.065 [http-nio-8080-exec-1] DispatcherServlet - Completed initialization in 5 ms
[WARN ] 2019-08-16 21:00:03.961 [http-nio-8080-exec-2] DefaultHandlerExceptionResolver - Resolved [org.springframework.web.method.annotation.MethodArgumentTypeMismatchException: Failed to convert value of type 'java.lang.String' to required type 'java.lang.Integer'; nested exception is java.lang.NumberFormatException: For input string: "abcd"]
[WARN ] 2019-08-16 21:01:39.811 [http-nio-8080-exec-3] DefaultHandlerExceptionResolver - Resolved [org.springframework.web.method.annotation.MethodArgumentTypeMismatchException: Failed to convert value of type 'java.lang.String' to required type 'java.lang.Integer'; nested exception is java.lang.NumberFormatException: For input string: "abcd"]
[WARN ] 2019-08-16 21:01:56.360 [http-nio-8080-exec-4] DefaultHandlerExceptionResolver - Resolved [org.springframework.web.method.annotation.MethodArgumentTypeMismatchException: Failed to convert value of type 'java.lang.String' to required type 'java.lang.Integer'; nested exception is java.lang.NumberFormatException: For input string: "abcd"]
[WARN ] 2019-08-16 21:03:35.431 [http-nio-8080-exec-8] DefaultHandlerExceptionResolver - Resolved [org.springframework.web.method.annotation.MethodArgumentTypeMismatchException: Failed to convert value of type 'java.lang.String' to required type 'java.lang.Integer'; nested exception is java.lang.NumberFormatException: For input string: "abcd"]
[INFO ] 2019-08-16 21:04:34.419 [main] ContextLoader - Root WebApplicationContext: initialization completed in 903 ms
[INFO ] 2019-08-16 21:04:43.607 [http-nio-8080-exec-1] DispatcherServlet - Initializing Servlet 'dispatcherServlet'
[INFO ] 2019-08-16 21:04:43.613 [http-nio-8080-exec-1] DispatcherServlet - Completed initialization in 6 ms
[WARN ] 2019-08-16 21:04:43.649 [http-nio-8080-exec-1] DefaultHandlerExceptionResolver - Resolved [org.springframework.web.method.annotation.MethodArgumentTypeMismatchException: Failed to convert value of type 'java.lang.String' to required type 'java.lang.Integer'; nested exception is java.lang.NumberFormatException: For input string: "abcd"]
[INFO ] 2019-08-16 21:06:10.437 [main] ContextLoader - Root WebApplicationContext: initialization completed in 826 ms
[INFO ] 2019-08-16 21:06:13.289 [http-nio-8080-exec-1] DispatcherServlet - Initializing Servlet 'dispatcherServlet'
[INFO ] 2019-08-16 21:06:13.295 [http-nio-8080-exec-1] DispatcherServlet - Completed initialization in 6 ms
[WARN ] 2019-08-16 21:06:13.333 [http-nio-8080-exec-1] DefaultHandlerExceptionResolver - Resolved [org.springframework.web.method.annotation.MethodArgumentTypeMismatchException: Failed to convert value of type 'java.lang.String' to required type 'java.lang.Integer'; nested exception is java.lang.NumberFormatException: For input string: "abcd"]
[WARN ] 2019-08-16 21:06:16.908 [http-nio-8080-exec-2] DefaultHandlerExceptionResolver - Resolved [org.springframework.web.method.annotation.MethodArgumentTypeMismatchException: Failed to convert value of type 'java.lang.String' to required type 'java.lang.Integer'; nested exception is java.lang.NumberFormatException: For input string: "abcd"]
[WARN ] 2019-08-16 21:06:38.684 [http-nio-8080-exec-4] DefaultHandlerExceptionResolver - Resolved [org.springframework.web.method.annotation.MethodArgumentTypeMismatchException: Failed to convert value of type 'java.lang.String' to required type 'java.lang.Integer'; nested exception is java.lang.NumberFormatException: For input string: "abcd"]
[INFO ] 2019-08-16 21:09:46.694 [main] ContextLoader - Root WebApplicationContext: initialization completed in 901 ms
[INFO ] 2019-08-16 21:09:56.713 [http-nio-8080-exec-1] DispatcherServlet - Initializing Servlet 'dispatcherServlet'
[INFO ] 2019-08-16 21:09:56.718 [http-nio-8080-exec-1] DispatcherServlet - Completed initialization in 5 ms
[WARN ] 2019-08-16 21:10:10.698 [http-nio-8080-exec-2] DefaultHandlerExceptionResolver - Resolved [org.springframework.validation.BindException: org.springframework.validation.BeanPropertyBindingResult: 1 errors
Field error in object 'materialVo' on field 'num': rejected value [abcd]; codes [typeMismatch.materialVo.num,typeMismatch.num,typeMismatch.java.lang.Integer,typeMismatch]; arguments [org.springframework.context.support.DefaultMessageSourceResolvable: codes [materialVo.num,num]; arguments []; default message [num]]; default message [Failed to convert property value of type 'java.lang.String' to required type 'java.lang.Integer' for property 'num'; nested exception is java.lang.NumberFormatException: For input string: "abcd"]]
[WARN ] 2019-08-16 21:12:59.968 [http-nio-8080-exec-3] DefaultHandlerExceptionResolver - Resolved [org.springframework.validation.BindException: org.springframework.validation.BeanPropertyBindingResult: 1 errors
Field error in object 'materialVo' on field 'num': rejected value [abcd]; codes [typeMismatch.materialVo.num,typeMismatch.num,typeMismatch.java.lang.Integer,typeMismatch]; arguments [org.springframework.context.support.DefaultMessageSourceResolvable: codes [materialVo.num,num]; arguments []; default message [num]]; default message [Failed to convert property value of type 'java.lang.String' to required type 'java.lang.Integer' for property 'num'; nested exception is java.lang.NumberFormatException: For input string: "abcd"]]
[INFO ] 2019-08-16 22:27:25.124 [main] ContextLoader - Root WebApplicationContext: initialization completed in 816 ms
[INFO ] 2019-08-16 22:27:33.358 [http-nio-8080-exec-1] DispatcherServlet - Initializing Servlet 'dispatcherServlet'
[INFO ] 2019-08-16 22:27:33.364 [http-nio-8080-exec-1] DispatcherServlet - Completed initialization in 5 ms
[WARN ] 2019-08-16 22:27:40.102 [http-nio-8080-exec-2] DefaultHandlerExceptionResolver - Resolved [org.springframework.web.method.annotation.MethodArgumentTypeMismatchException: Failed to convert value of type 'java.lang.String' to required type 'java.lang.Integer'; nested exception is java.lang.NumberFormatException: For input string: "abcd"]
[WARN ] 2019-08-16 22:28:30.460 [http-nio-8080-exec-10] DefaultHandlerExceptionResolver - Resolved [org.springframework.web.method.annotation.MethodArgumentTypeMismatchException: Failed to convert value of type 'java.lang.String' to required type 'java.lang.Integer'; nested exception is java.lang.NumberFormatException: For input string: "abcd"]
[INFO ] 2019-08-16 22:29:13.799 [main] ContextLoader - Root WebApplicationContext: initialization completed in 925 ms
[INFO ] 2019-08-16 22:29:23.423 [http-nio-8080-exec-1] DispatcherServlet - Initializing Servlet 'dispatcherServlet'
[INFO ] 2019-08-16 22:29:23.428 [http-nio-8080-exec-1] DispatcherServlet - Completed initialization in 5 ms
[INFO ] 2019-08-16 22:49:10.804 [main] ContextLoader - Root WebApplicationContext: initialization completed in 904 ms
[INFO ] 2019-08-16 22:49:20.722 [http-nio-8080-exec-1] DispatcherServlet - Initializing Servlet 'dispatcherServlet'
[INFO ] 2019-08-16 22:49:20.727 [http-nio-8080-exec-1] DispatcherServlet - Completed initialization in 5 ms
[INFO ] 2019-08-16 23:22:01.522 [main] ContextLoader - Root WebApplicationContext: initialization completed in 1455 ms
[INFO ] 2019-08-16 23:22:11.416 [http-nio-8080-exec-1] DispatcherServlet - Initializing Servlet 'dispatcherServlet'
[INFO ] 2019-08-16 23:22:11.421 [http-nio-8080-exec-1] DispatcherServlet - Completed initialization in 5 ms
[WARN ] 2019-08-16 23:22:11.456 [http-nio-8080-exec-1] DefaultHandlerExceptionResolver - Resolved [org.springframework.web.method.annotation.MethodArgumentTypeMismatchException: Failed to convert value of type 'java.lang.String' to required type 'java.lang.Integer'; nested exception is java.lang.NumberFormatException: For input string: "abcd"]
[WARN ] 2019-08-16 23:22:13.105 [http-nio-8080-exec-2] DefaultHandlerExceptionResolver - Resolved [org.springframework.web.method.annotation.MethodArgumentTypeMismatchException: Failed to convert value of type 'java.lang.String' to required type 'java.lang.Integer'; nested exception is java.lang.NumberFormatException: For input string: "abcd"]
[WARN ] 2019-08-16 23:24:03.219 [http-nio-8080-exec-3] DefaultHandlerExceptionResolver - Resolved [org.springframework.web.method.annotation.MethodArgumentTypeMismatchException: Failed to convert value of type 'java.lang.String' to required type 'java.lang.Integer'; nested exception is java.lang.NumberFormatException: For input string: "abcd"]
[INFO ] 2019-08-16 23:25:46.824 [main] ContextLoader - Root WebApplicationContext: initialization completed in 930 ms
[INFO ] 2019-08-16 23:25:50.335 [http-nio-8080-exec-1] DispatcherServlet - Initializing Servlet 'dispatcherServlet'
[INFO ] 2019-08-16 23:25:50.339 [http-nio-8080-exec-1] DispatcherServlet - Completed initialization in 4 ms
[INFO ] 2019-08-16 23:27:30.517 [main] ContextLoader - Root WebApplicationContext: initialization completed in 836 ms
[INFO ] 2019-08-16 23:27:36.182 [http-nio-8080-exec-1] DispatcherServlet - Initializing Servlet 'dispatcherServlet'
[INFO ] 2019-08-16 23:27:36.187 [http-nio-8080-exec-1] DispatcherServlet - Completed initialization in 5 ms
[WARN ] 2019-08-16 23:27:36.222 [http-nio-8080-exec-1] DefaultHandlerExceptionResolver - Resolved [org.springframework.web.method.annotation.MethodArgumentTypeMismatchException: Failed to convert value of type 'java.lang.String' to required type 'java.lang.Integer'; nested exception is java.lang.NumberFormatException: For input string: "abcd"]
[INFO ] 2019-08-16 23:27:58.969 [main] ContextLoader - Root WebApplicationContext: initialization completed in 889 ms
[INFO ] 2019-08-16 23:28:05.342 [http-nio-8080-exec-1] DispatcherServlet - Initializing Servlet 'dispatcherServlet'
[INFO ] 2019-08-16 23:28:05.346 [http-nio-8080-exec-1] DispatcherServlet - Completed initialization in 4 ms
[WARN ] 2019-08-16 23:28:05.383 [http-nio-8080-exec-1] DefaultHandlerExceptionResolver - Resolved [org.springframework.web.method.annotation.MethodArgumentTypeMismatchException: Failed to convert value of type 'java.lang.String' to required type 'java.lang.Integer'; nested exception is java.lang.NumberFormatException: For input string: "abcd"]
[INFO ] 2019-08-16 23:28:44.877 [main] ContextLoader - Root WebApplicationContext: initialization completed in 869 ms
[INFO ] 2019-08-16 23:28:53.071 [http-nio-8080-exec-1] DispatcherServlet - Initializing Servlet 'dispatcherServlet'
[INFO ] 2019-08-16 23:28:53.075 [http-nio-8080-exec-1] DispatcherServlet - Completed initialization in 4 ms
[INFO ] 2019-08-16 23:31:15.051 [main] ContextLoader - Root WebApplicationContext: initialization completed in 878 ms
[INFO ] 2019-08-16 23:31:20.566 [http-nio-8080-exec-1] DispatcherServlet - Initializing Servlet 'dispatcherServlet'
[INFO ] 2019-08-16 23:31:20.570 [http-nio-8080-exec-1] DispatcherServlet - Completed initialization in 4 ms
[INFO ] 2019-08-16 23:31:46.016 [main] ContextLoader - Root WebApplicationContext: initialization completed in 811 ms
[INFO ] 2019-08-16 23:31:52.086 [http-nio-8080-exec-1] DispatcherServlet - Initializing Servlet 'dispatcherServlet'
[INFO ] 2019-08-16 23:31:52.091 [http-nio-8080-exec-1] DispatcherServlet - Completed initialization in 4 ms
[INFO ] 2019-08-16 23:56:09.669 [main] ContextLoader - Root WebApplicationContext: initialization completed in 829 ms
[INFO ] 2019-08-16 23:56:29.644 [http-nio-8080-exec-1] DispatcherServlet - Initializing Servlet 'dispatcherServlet'
[INFO ] 2019-08-16 23:56:29.652 [http-nio-8080-exec-1] DispatcherServlet - Completed initialization in 7 ms
[INFO ] 2019-08-17 00:00:44.847 [main] ContextLoader - Root WebApplicationContext: initialization completed in 840 ms
[INFO ] 2019-08-17 00:00:49.086 [http-nio-8080-exec-1] DispatcherServlet - Initializing Servlet 'dispatcherServlet'
[INFO ] 2019-08-17 00:00:49.091 [http-nio-8080-exec-1] DispatcherServlet - Completed initialization in 5 ms
[INFO ] 2019-08-17 00:02:17.576 [main] ContextLoader - Root WebApplicationContext: initialization completed in 823 ms
[INFO ] 2019-08-17 00:02:24.315 [http-nio-8080-exec-1] DispatcherServlet - Initializing Servlet 'dispatcherServlet'
[INFO ] 2019-08-17 00:02:24.320 [http-nio-8080-exec-1] DispatcherServlet - Completed initialization in 5 ms
[INFO ] 2019-08-17 00:04:24.419 [main] ContextLoader - Root WebApplicationContext: initialization completed in 837 ms
[INFO ] 2019-08-17 00:04:30.295 [http-nio-8080-exec-1] DispatcherServlet - Initializing Servlet 'dispatcherServlet'
[INFO ] 2019-08-17 00:04:30.301 [http-nio-8080-exec-1] DispatcherServlet - Completed initialization in 5 ms
[INFO ] 2019-08-17 00:05:35.922 [main] ContextLoader - Root WebApplicationContext: initialization completed in 869 ms
[INFO ] 2019-08-17 00:05:45.665 [http-nio-8080-exec-1] DispatcherServlet - Initializing Servlet 'dispatcherServlet'
[INFO ] 2019-08-17 00:05:45.670 [http-nio-8080-exec-1] DispatcherServlet - Completed initialization in 5 ms
[INFO ] 2019-08-17 00:09:13.533 [main] ContextLoader - Root WebApplicationContext: initialization completed in 856 ms
[INFO ] 2019-08-17 00:09:34.544 [http-nio-8080-exec-1] DispatcherServlet - Initializing Servlet 'dispatcherServlet'
[INFO ] 2019-08-17 00:09:34.550 [http-nio-8080-exec-1] DispatcherServlet - Completed initialization in 5 ms
[INFO ] 2019-08-17 00:13:22.790 [main] ContextLoader - Root WebApplicationContext: initialization completed in 851 ms
[INFO ] 2019-08-17 00:13:31.047 [http-nio-8080-exec-1] DispatcherServlet - Initializing Servlet 'dispatcherServlet'
[INFO ] 2019-08-17 00:13:31.052 [http-nio-8080-exec-1] DispatcherServlet - Completed initialization in 5 ms
[INFO ] 2019-08-17 00:16:35.708 [main] ContextLoader - Root WebApplicationContext: initialization completed in 830 ms
[INFO ] 2019-08-17 00:17:14.115 [http-nio-8080-exec-1] DispatcherServlet - Initializing Servlet 'dispatcherServlet'
[INFO ] 2019-08-17 00:17:14.122 [http-nio-8080-exec-1] DispatcherServlet - Completed initialization in 7 ms
[INFO ] 2019-08-17 00:17:30.188 [main] ContextLoader - Root WebApplicationContext: initialization completed in 828 ms
[INFO ] 2019-08-17 00:17:36.040 [http-nio-8080-exec-1] DispatcherServlet - Initializing Servlet 'dispatcherServlet'
[INFO ] 2019-08-17 00:17:36.046 [http-nio-8080-exec-1] DispatcherServlet - Completed initialization in 6 ms
[INFO ] 2019-08-17 00:21:58.807 [main] ContextLoader - Root WebApplicationContext: initialization completed in 910 ms
[INFO ] 2019-08-17 00:22:01.679 [http-nio-8080-exec-1] DispatcherServlet - Initializing Servlet 'dispatcherServlet'
[INFO ] 2019-08-17 00:22:01.684 [http-nio-8080-exec-1] DispatcherServlet - Completed initialization in 4 ms
[INFO ] 2019-08-17 00:22:22.417 [main] ContextLoader - Root WebApplicationContext: initialization completed in 821 ms
[INFO ] 2019-08-17 00:22:25.634 [http-nio-8080-exec-1] DispatcherServlet - Initializing Servlet 'dispatcherServlet'
[INFO ] 2019-08-17 00:22:25.642 [http-nio-8080-exec-1] DispatcherServlet - Completed initialization in 7 ms
[INFO ] 2019-08-17 00:25:35.957 [main] ContextLoader - Root WebApplicationContext: initialization completed in 832 ms
[INFO ] 2019-08-17 00:26:03.083 [http-nio-8080-exec-1] DispatcherServlet - Initializing Servlet 'dispatcherServlet'
[INFO ] 2019-08-17 00:26:03.090 [http-nio-8080-exec-1] DispatcherServlet - Completed initialization in 7 ms
[INFO ] 2019-08-17 00:30:09.847 [main] ContextLoader - Root WebApplicationContext: initialization completed in 892 ms
[INFO ] 2019-08-17 00:30:17.489 [http-nio-8080-exec-1] DispatcherServlet - Initializing Servlet 'dispatcherServlet'
[INFO ] 2019-08-17 00:30:17.496 [http-nio-8080-exec-1] DispatcherServlet - Completed initialization in 7 ms
[INFO ] 2019-08-17 00:31:21.522 [main] ContextLoader - Root WebApplicationContext: initialization completed in 896 ms
[INFO ] 2019-08-17 00:32:09.111 [main] ContextLoader - Root WebApplicationContext: initialization completed in 907 ms
[INFO ] 2019-08-17 00:32:14.032 [http-nio-8080-exec-1] DispatcherServlet - Initializing Servlet 'dispatcherServlet'
[INFO ] 2019-08-17 00:32:14.036 [http-nio-8080-exec-1] DispatcherServlet - Completed initialization in 4 ms
